<?xml version="1.0" encoding="UTF-8"?>
<testsuite xmlns:xsi="http://www.w3.org/2001/XMLSchema-instance" xsi:schemaLocation="https://maven.apache.org/surefire/maven-surefire-plugin/xsd/surefire-test-report.xsd" name="TestSuite" time="1.278" tests="2" errors="0" skipped="0" failures="2">
  <properties>
[...]
</properties>
  <testcase name="hotelCityWideTest" classname="test.java.smokeTests.HotelCityWideTest" time="0.024">
    <failure message="Exception found on hotelCityWideTest" type="java.lang.AssertionError">java.lang.AssertionError: Exception found on hotelCityWideTest
	at test.java.smokeTests.HotelCityWideTest.hotelCityWideTest(HotelCityWideTest.java:57)
</failure>
    <system-out><![CDATA[-------------------------------Executing test: HotelCityWideTest-------------------------------
- Not able to retrieve web driver.
org.openqa.selenium.remote.UnreachableBrowserException: Could not start a new session. Possible causes are invalid address of the remote server or browser start-up failure.
Build info: version: '3.11.0', revision: 'e59cfb3', time: '2018-03-11T20:26:55.152Z'
System info: host: '531ce688c241', ip: '172.17.0.2', os.name: 'Linux', os.arch: 'amd64', os.version: '5.3.0-46-generic', java.version: '1.8.0_181'
Driver info: driver.version: RemoteWebDriver
14.32.007	<font color='red'>java.lang.NullPointerException</font>
]]></system-out>
    <system-err><![CDATA[May 30, 2020 2:32:06 PM org.openqa.selenium.remote.DesiredCapabilities chrome
INFO: Using `new ChromeOptions()` is preferred to `DesiredCapabilities.chrome()`
]]></system-err>
  </testcase>
  <testcase name="flightsTest" classname="test.java.smokeTests.FlightsTest" time="0.001">
    <failure message="Exception found on hotelCityWideTest" type="java.lang.AssertionError">java.lang.AssertionError: Exception found on hotelCityWideTest
	at test.java.smokeTests.FlightsTest.flightsTest(FlightsTest.java:56)
</failure>
    <system-out><![CDATA[---------------------------------------------------------------------------
-------------------------------Executing test: FlightsTest-------------------------------
- Not able to retrieve web driver.
org.openqa.selenium.remote.UnreachableBrowserException: Could not start a new session. Possible causes are invalid address of the remote server or browser start-up failure.
Build info: version: '3.11.0', revision: 'e59cfb3', time: '2018-03-11T20:26:55.152Z'
System info: host: '531ce688c241', ip: '172.17.0.2', os.name: 'Linux', os.arch: 'amd64', os.version: '5.3.0-46-generic', java.version: '1.8.0_181'
Driver info: driver.version: RemoteWebDriver
14.32.007	<font color='red'>java.lang.NullPointerException</font>
]]></system-out>
    <system-err><![CDATA[May 30, 2020 2:32:07 PM org.openqa.selenium.remote.DesiredCapabilities chrome
INFO: Using `new ChromeOptions()` is preferred to `DesiredCapabilities.chrome()`
]]></system-err>
  </testcase>
</testsuite>